<?xml version="1.0" encoding="UTF-8"?>
<testsuite name="com.antrapol.kaz.sign.SignatureResultTest" tests="28" skipped="0" failures="0" errors="0" timestamp="2026-01-05T02:51:38" hostname="Mac.lan" time="0.006">
  <properties/>
  <testcase name="SignatureResult stores message correctly" classname="com.antrapol.kaz.sign.SignatureResultTest" time="0.001"/>
  <testcase name="signatureHex is lowercase" classname="com.antrapol.kaz.sign.SignatureResultTest" time="0.0"/>
  <testcase name="SignatureResult is not equal to null" classname="com.antrapol.kaz.sign.SignatureResultTest" time="0.0"/>
  <testcase name="toString includes signature length" classname="com.antrapol.kaz.sign.SignatureResultTest" time="0.003"/>
  <testcase name="toString includes overhead" classname="com.antrapol.kaz.sign.SignatureResultTest" time="0.0"/>
  <testcase name="SignatureResults with different signatures are not equal" classname="com.antrapol.kaz.sign.SignatureResultTest" time="0.0"/>
  <testcase name="SignatureResult works with Level 192 overhead" classname="com.antrapol.kaz.sign.SignatureResultTest" time="0.0"/>
  <testcase name="SignatureResult stores signature correctly" classname="com.antrapol.kaz.sign.SignatureResultTest" time="0.0"/>
  <testcase name="SignatureResult stores level correctly" classname="com.antrapol.kaz.sign.SignatureResultTest" time="0.0"/>
  <testcase name="empty signature produces empty hex string" classname="com.antrapol.kaz.sign.SignatureResultTest" time="0.0"/>
  <testcase name="overhead calculation handles various message sizes" classname="com.antrapol.kaz.sign.SignatureResultTest" time="0.001"/>
  <testcase name="toString includes message length" classname="com.antrapol.kaz.sign.SignatureResultTest" time="0.0"/>
  <testcase name="identical SignatureResults have same hashCode" classname="com.antrapol.kaz.sign.SignatureResultTest" time="0.0"/>
  <testcase name="overhead with empty message equals signature size" classname="com.antrapol.kaz.sign.SignatureResultTest" time="0.0"/>
  <testcase name="SignatureResults with different levels are not equal" classname="com.antrapol.kaz.sign.SignatureResultTest" time="0.0"/>
  <testcase name="SignatureResult works with Level 256 overhead" classname="com.antrapol.kaz.sign.SignatureResultTest" time="0.0"/>
  <testcase name="identical SignatureResults are equal" classname="com.antrapol.kaz.sign.SignatureResultTest" time="0.0"/>
  <testcase name="toString includes level" classname="com.antrapol.kaz.sign.SignatureResultTest" time="0.0"/>
  <testcase name="overhead is calculated correctly for Level 128" classname="com.antrapol.kaz.sign.SignatureResultTest" time="0.0"/>
  <testcase name="overhead is calculated correctly for Level 192" classname="com.antrapol.kaz.sign.SignatureResultTest" time="0.0"/>
  <testcase name="overhead is calculated correctly for Level 256" classname="com.antrapol.kaz.sign.SignatureResultTest" time="0.0"/>
  <testcase name="SignatureResult works with Level 128 overhead" classname="com.antrapol.kaz.sign.SignatureResultTest" time="0.0"/>
  <testcase name="SignatureResult equals itself" classname="com.antrapol.kaz.sign.SignatureResultTest" time="0.0"/>
  <testcase name="SignatureResults with different messages are not equal" classname="com.antrapol.kaz.sign.SignatureResultTest" time="0.0"/>
  <testcase name="securityLevel returns Level 128" classname="com.antrapol.kaz.sign.SignatureResultTest" time="0.0"/>
  <testcase name="securityLevel returns Level 192" classname="com.antrapol.kaz.sign.SignatureResultTest" time="0.0"/>
  <testcase name="securityLevel returns Level 256" classname="com.antrapol.kaz.sign.SignatureResultTest" time="0.0"/>
  <testcase name="signatureHex converts bytes to hex correctly" classname="com.antrapol.kaz.sign.SignatureResultTest" time="0.0"/>
  <system-out><![CDATA[]]></system-out>
  <system-err><![CDATA[]]></system-err>
</testsuite>
