<?xml version="1.0" encoding="UTF-8"?>
<testsuite name="com.antrapol.kaz.sign.KeyPairTest" tests="25" skipped="0" failures="0" errors="0" timestamp="2026-01-05T02:51:38" hostname="Mac.lan" time="0.005">
  <properties/>
  <testcase name="KeyPairs with different levels are not equal" classname="com.antrapol.kaz.sign.KeyPairTest" time="0.0"/>
  <testcase name="KeyPair works with Level 256 sizes" classname="com.antrapol.kaz.sign.KeyPairTest" time="0.0"/>
  <testcase name="securityLevel returns Level 128 for level 128" classname="com.antrapol.kaz.sign.KeyPairTest" time="0.0"/>
  <testcase name="securityLevel returns Level 192 for level 192" classname="com.antrapol.kaz.sign.KeyPairTest" time="0.0"/>
  <testcase name="KeyPairs with different secret keys are not equal" classname="com.antrapol.kaz.sign.KeyPairTest" time="0.0"/>
  <testcase name="KeyPair equals itself" classname="com.antrapol.kaz.sign.KeyPairTest" time="0.0"/>
  <testcase name="KeyPair works with Level 192 sizes" classname="com.antrapol.kaz.sign.KeyPairTest" time="0.0"/>
  <testcase name="KeyPair is not equal to other types" classname="com.antrapol.kaz.sign.KeyPairTest" time="0.0"/>
  <testcase name="empty key produces empty hex string" classname="com.antrapol.kaz.sign.KeyPairTest" time="0.0"/>
  <testcase name="KeyPair stores secret key correctly" classname="com.antrapol.kaz.sign.KeyPairTest" time="0.0"/>
  <testcase name="securityLevel returns Level 256 for level 256" classname="com.antrapol.kaz.sign.KeyPairTest" time="0.0"/>
  <testcase name="KeyPair stores level correctly" classname="com.antrapol.kaz.sign.KeyPairTest" time="0.0"/>
  <testcase name="KeyPair stores public key correctly" classname="com.antrapol.kaz.sign.KeyPairTest" time="0.0"/>
  <testcase name="publicKeyHex is lowercase" classname="com.antrapol.kaz.sign.KeyPairTest" time="0.0"/>
  <testcase name="identical KeyPairs have same hashCode" classname="com.antrapol.kaz.sign.KeyPairTest" time="0.0"/>
  <testcase name="toString redacts secret key" classname="com.antrapol.kaz.sign.KeyPairTest" time="0.003"/>
  <testcase name="toString includes truncated public key" classname="com.antrapol.kaz.sign.KeyPairTest" time="0.0"/>
  <testcase name="KeyPair works with Level 128 sizes" classname="com.antrapol.kaz.sign.KeyPairTest" time="0.0"/>
  <testcase name="publicKeyHex converts bytes to hex correctly" classname="com.antrapol.kaz.sign.KeyPairTest" time="0.0"/>
  <testcase name="different KeyPairs likely have different hashCodes" classname="com.antrapol.kaz.sign.KeyPairTest" time="0.0"/>
  <testcase name="KeyPairs with different public keys are not equal" classname="com.antrapol.kaz.sign.KeyPairTest" time="0.0"/>
  <testcase name="toString includes level" classname="com.antrapol.kaz.sign.KeyPairTest" time="0.0"/>
  <testcase name="identical KeyPairs are equal" classname="com.antrapol.kaz.sign.KeyPairTest" time="0.0"/>
  <testcase name="secretKeyHex converts bytes to hex correctly" classname="com.antrapol.kaz.sign.KeyPairTest" time="0.0"/>
  <testcase name="KeyPair is not equal to null" classname="com.antrapol.kaz.sign.KeyPairTest" time="0.0"/>
  <system-out><![CDATA[]]></system-out>
  <system-err><![CDATA[]]></system-err>
</testsuite>
