<?xml version="1.0" encoding="UTF-8"?>
<testsuite name="com.antrapol.kaz.sign.ExtensionsTest" tests="34" skipped="0" failures="0" errors="0" timestamp="2026-01-05T02:51:38" hostname="Mac.lan" time="0.048">
  <properties/>
  <testcase name="hexToByteArray throws for single character" classname="com.antrapol.kaz.sign.ExtensionsTest" time="0.001"/>
  <testcase name="roundtrip Level 256 key sizes" classname="com.antrapol.kaz.sign.ExtensionsTest" time="0.017"/>
  <testcase name="secureWipe clears empty array" classname="com.antrapol.kaz.sign.ExtensionsTest" time="0.001"/>
  <testcase name="hexToByteArray and toHexString are inverses" classname="com.antrapol.kaz.sign.ExtensionsTest" time="0.001"/>
  <testcase name="hexToByteArray throws for invalid characters" classname="com.antrapol.kaz.sign.ExtensionsTest" time="0.0"/>
  <testcase name="secureWipe clears all bytes to zero" classname="com.antrapol.kaz.sign.ExtensionsTest" time="0.0"/>
  <testcase name="roundtrip random-like array" classname="com.antrapol.kaz.sign.ExtensionsTest" time="0.001"/>
  <testcase name="toHexString handles large arrays" classname="com.antrapol.kaz.sign.ExtensionsTest" time="0.014"/>
  <testcase name="roundtrip Level 128 key sizes" classname="com.antrapol.kaz.sign.ExtensionsTest" time="0.0"/>
  <testcase name="toHexString pads single digit with zero" classname="com.antrapol.kaz.sign.ExtensionsTest" time="0.001"/>
  <testcase name="hexToByteArray throws for odd length" classname="com.antrapol.kaz.sign.ExtensionsTest" time="0.0"/>
  <testcase name="roundtrip single byte" classname="com.antrapol.kaz.sign.ExtensionsTest" time="0.0"/>
  <testcase name="toHexString converts single byte" classname="com.antrapol.kaz.sign.ExtensionsTest" time="0.0"/>
  <testcase name="hexToByteArray handles mixed case" classname="com.antrapol.kaz.sign.ExtensionsTest" time="0.0"/>
  <testcase name="secureWipe clears key material" classname="com.antrapol.kaz.sign.ExtensionsTest" time="0.0"/>
  <testcase name="toHexString produces lowercase hex" classname="com.antrapol.kaz.sign.ExtensionsTest" time="0.0"/>
  <testcase name="toHexString handles all byte values" classname="com.antrapol.kaz.sign.ExtensionsTest" time="0.0"/>
  <testcase name="hexToByteArray handles uppercase" classname="com.antrapol.kaz.sign.ExtensionsTest" time="0.0"/>
  <testcase name="hexToByteArray handles leading zeros" classname="com.antrapol.kaz.sign.ExtensionsTest" time="0.001"/>
  <testcase name="secureWipe handles large array" classname="com.antrapol.kaz.sign.ExtensionsTest" time="0.001"/>
  <testcase name="toHexString is consistent" classname="com.antrapol.kaz.sign.ExtensionsTest" time="0.0"/>
  <testcase name="toHexString converts multiple bytes" classname="com.antrapol.kaz.sign.ExtensionsTest" time="0.0"/>
  <testcase name="secureWipe is idempotent" classname="com.antrapol.kaz.sign.ExtensionsTest" time="0.0"/>
  <testcase name="hexToByteArray throws for spaces" classname="com.antrapol.kaz.sign.ExtensionsTest" time="0.0"/>
  <testcase name="roundtrip empty array" classname="com.antrapol.kaz.sign.ExtensionsTest" time="0.001"/>
  <testcase name="secureWipe works on all key sizes" classname="com.antrapol.kaz.sign.ExtensionsTest" time="0.002"/>
  <testcase name="toHexString converts empty array" classname="com.antrapol.kaz.sign.ExtensionsTest" time="0.0"/>
  <testcase name="secureWipe clears single byte" classname="com.antrapol.kaz.sign.ExtensionsTest" time="0.0"/>
  <testcase name="hexToByteArray converts single byte" classname="com.antrapol.kaz.sign.ExtensionsTest" time="0.0"/>
  <testcase name="roundtrip multiple bytes" classname="com.antrapol.kaz.sign.ExtensionsTest" time="0.0"/>
  <testcase name="hexToByteArray converts empty string" classname="com.antrapol.kaz.sign.ExtensionsTest" time="0.0"/>
  <testcase name="hexToByteArray converts multiple bytes" classname="com.antrapol.kaz.sign.ExtensionsTest" time="0.0"/>
  <testcase name="roundtrip Level 192 key sizes" classname="com.antrapol.kaz.sign.ExtensionsTest" time="0.0"/>
  <testcase name="roundtrip large array" classname="com.antrapol.kaz.sign.ExtensionsTest" time="0.006"/>
  <system-out><![CDATA[]]></system-out>
  <system-err><![CDATA[]]></system-err>
</testsuite>
