<?xml version="1.0" encoding="UTF-8"?>
<testsuite name="com.antrapol.kaz.kem.SecurityLevelTest" tests="6" skipped="0" failures="0" errors="0" timestamp="2026-01-05T02:51:37" hostname="Mac.lan" time="0.008">
  <properties/>
  <testcase name="test entries contain all levels" classname="com.antrapol.kaz.kem.SecurityLevelTest" time="0.006"/>
  <testcase name="test fromValue throws for zero" classname="com.antrapol.kaz.kem.SecurityLevelTest" time="0.001"/>
  <testcase name="test fromValue returns correct level" classname="com.antrapol.kaz.kem.SecurityLevelTest" time="0.0"/>
  <testcase name="test fromValue throws for invalid value" classname="com.antrapol.kaz.kem.SecurityLevelTest" time="0.001"/>
  <testcase name="test random masks are correct" classname="com.antrapol.kaz.kem.SecurityLevelTest" time="0.0"/>
  <testcase name="test security levels have correct values" classname="com.antrapol.kaz.kem.SecurityLevelTest" time="0.0"/>
  <system-out><![CDATA[]]></system-out>
  <system-err><![CDATA[]]></system-err>
</testsuite>
