<?xml version="1.0" encoding="UTF-8"?>
<testsuite name="com.antrapol.kaz.kem.ExceptionTest" tests="8" skipped="0" failures="0" errors="0" timestamp="2026-01-05T02:51:37" hostname="Mac.lan" time="0.009">
  <properties/>
  <testcase name="test KazKemException creation" classname="com.antrapol.kaz.kem.ExceptionTest" time="0.001"/>
  <testcase name="test NotInitializedException custom message" classname="com.antrapol.kaz.kem.ExceptionTest" time="0.0"/>
  <testcase name="test NotInitializedException default message" classname="com.antrapol.kaz.kem.ExceptionTest" time="0.003"/>
  <testcase name="test KazKemException toString" classname="com.antrapol.kaz.kem.ExceptionTest" time="0.003"/>
  <testcase name="test fromErrorCode creates descriptive messages" classname="com.antrapol.kaz.kem.ExceptionTest" time="0.002"/>
  <testcase name="test fromErrorCode with unknown error" classname="com.antrapol.kaz.kem.ExceptionTest" time="0.0"/>
  <testcase name="test error code constants" classname="com.antrapol.kaz.kem.ExceptionTest" time="0.0"/>
  <testcase name="test InvalidParameterException" classname="com.antrapol.kaz.kem.ExceptionTest" time="0.0"/>
  <system-out><![CDATA[]]></system-out>
  <system-err><![CDATA[]]></system-err>
</testsuite>
