<?xml version="1.0" encoding="UTF-8"?>
<testsuite name="com.antrapol.kaz.kem.UtilityTest" tests="7" skipped="0" failures="0" errors="0" timestamp="2026-01-05T02:51:37" hostname="Mac.lan" time="0.005">
  <properties/>
  <testcase name="test toHexString with simple values" classname="com.antrapol.kaz.kem.UtilityTest" time="0.001"/>
  <testcase name="test hexToByteArray throws for odd length" classname="com.antrapol.kaz.kem.UtilityTest" time="0.0"/>
  <testcase name="test roundtrip hex conversion" classname="com.antrapol.kaz.kem.UtilityTest" time="0.004"/>
  <testcase name="test secureZero clears array" classname="com.antrapol.kaz.kem.UtilityTest" time="0.0"/>
  <testcase name="test hexToByteArray with valid hex" classname="com.antrapol.kaz.kem.UtilityTest" time="0.0"/>
  <testcase name="test toHexString with empty array" classname="com.antrapol.kaz.kem.UtilityTest" time="0.0"/>
  <testcase name="test hexToByteArray with empty string" classname="com.antrapol.kaz.kem.UtilityTest" time="0.0"/>
  <system-out><![CDATA[]]></system-out>
  <system-err><![CDATA[]]></system-err>
</testsuite>
